{"timestamp":"1754488788","level":"INFO","component":"client","event":"registration","pid":5478,"port":5000}
{"timestamp":"1754488788","level":"INFO","component":"client","event":"ping_success","seq":1,"rtt":107.66,"lost":0,"jitter":0.00,"pid":5478,"port":5000}
{"timestamp":"1754488790","level":"INFO","component":"client","event":"ping_timeout","seq":2,"lost":1}
{"timestamp":"1754488791","level":"INFO","component":"client","event":"ping_success","seq":3,"rtt":16.06,"lost":1,"jitter":91.59,"pid":5478,"port":5000}
{"timestamp":"1754488791","level":"INFO","component":"client","event":"ping_success","seq":4,"rtt":59.86,"lost":1,"jitter":91.59,"pid":5478,"port":5000}
{"timestamp":"1754488792","level":"INFO","component":"client","event":"ping_success","seq":5,"rtt":137.52,"lost":1,"jitter":121.45,"pid":5478,"port":5000}
{"timestamp":"1754488793","level":"INFO","component":"client","event":"lane_switch","pid":5478,"old_port":5000,"new_port":7000}
{"timestamp":"1754488793","level":"INFO","component":"client","event":"ping_control","seq":6,"lost":2}
{"timestamp":"1754488793","level":"INFO","component":"client","event":"ping_success","seq":7,"rtt":0.08,"lost":2,"jitter":137.44,"pid":5478,"port":7000}
{"timestamp":"1754488794","level":"INFO","component":"client","event":"ping_success","seq":8,"rtt":0.06,"lost":2,"jitter":137.45,"pid":5478,"port":7000}
{"timestamp":"1754488794","level":"INFO","component":"client","event":"ping_success","seq":9,"rtt":0.10,"lost":2,"jitter":137.45,"pid":5478,"port":7000}
{"timestamp":"1754488797","level":"INFO","component":"client","event":"ping_timeout","seq":10,"lost":3}
{"timestamp":"1754488797","level":"INFO","component":"client","event":"ping_success","seq":11,"rtt":77.10,"lost":3,"jitter":137.45,"pid":5478,"port":7000}
{"timestamp":"1754488798","level":"INFO","component":"client","event":"ping_success","seq":12,"rtt":49.17,"lost":3,"jitter":137.45,"pid":5478,"port":7000}
{"timestamp":"1754488798","level":"INFO","component":"client","event":"ping_success","seq":13,"rtt":112.11,"lost":3,"jitter":137.45,"pid":5478,"port":7000}
{"timestamp":"1754488799","level":"INFO","component":"client","event":"ping_success","seq":14,"rtt":91.37,"lost":3,"jitter":137.45,"pid":5478,"port":7000}
{"timestamp":"1754488799","level":"INFO","component":"client","event":"ping_success","seq":15,"rtt":59.20,"lost":3,"jitter":137.45,"pid":5478,"port":7000}
{"timestamp":"1754488800","level":"INFO","component":"client","event":"ping_success","seq":16,"rtt":146.59,"lost":3,"jitter":146.53,"pid":5478,"port":7000}
{"timestamp":"1754488801","level":"INFO","component":"client","event":"ping_success","seq":17,"rtt":107.08,"lost":3,"jitter":146.53,"pid":5478,"port":7000}
{"timestamp":"1754488801","level":"INFO","component":"client","event":"ping_success","seq":18,"rtt":49.52,"lost":3,"jitter":146.53,"pid":5478,"port":7000}
{"timestamp":"1754488802","level":"INFO","component":"client","event":"ping_success","seq":19,"rtt":122.66,"lost":3,"jitter":146.49,"pid":5478,"port":7000}
